<?xml version="1.0" encoding="UTF-8"?>
<!-- Generated by org.testng.reporters.JUnitReportReporter -->
<testsuite skipped="0" hostname="Ramya" name="com.qa.tests.DeleteAPITestCase" tests="1" failures="0" timestamp="30 Nov 2018 07:12:49 GMT" time="2.266" errors="0">
  <testcase name="deleteAPITest" time="2.266" classname="com.qa.tests.DeleteAPITestCase"/>
</testsuite> <!-- com.qa.tests.DeleteAPITestCase -->
