<?xml version="1.0" encoding="UTF-8"?>
<!-- Generated by org.testng.reporters.JUnitReportReporter -->
<testsuite skipped="0" hostname="Ramya" name="com.qa.tests.PutAPITestCase" tests="1" failures="0" timestamp="30 Nov 2018 06:56:57 GMT" time="2.374" errors="0">
  <testcase name="CreateUserTest" time="2.374" classname="com.qa.tests.PutAPITestCase"/>
</testsuite> <!-- com.qa.tests.PutAPITestCase -->
