<?xml version="1.0" encoding="UTF-8"?>
<!-- Generated by org.testng.reporters.JUnitReportReporter -->
<testsuite skipped="0" hostname="Ramya" name="com.qa.tests.GetAPITestCase" tests="1" failures="0" timestamp="28 Nov 2018 08:49:23 GMT" time="0.913" errors="0">
  <testcase name="getAPITest" time="0.913" classname="com.qa.tests.GetAPITestCase"/>
</testsuite> <!-- com.qa.tests.GetAPITestCase -->
