<?xml version="1.0" encoding="UTF-8"?>
<!-- Generated by org.testng.reporters.JUnitReportReporter -->
<testsuite skipped="0" hostname="Ramya" name="com.qa.tests.PostAPITestCase" tests="1" failures="0" timestamp="28 Nov 2018 11:42:56 GMT" time="2.329" errors="0">
  <testcase name="CreateUserTest" time="2.329" classname="com.qa.tests.PostAPITestCase"/>
</testsuite> <!-- com.qa.tests.PostAPITestCase -->
